# This is the CMakeCache file.
# For build in directory: /Users/prishapriyadashini/Downloads/DIMACS/SPLIT-ICML/split/pyproject-build/cp310-cp310-macosx_13_0_arm64
# It was generated by CMake: /opt/homebrew/bin/cmake
# You can edit this file to change values found and used by cmake.
# If you do not want to change any of the values, simply exit the editor.
# If you do want to change a value, simply edit, save, and exit the editor.
# The syntax for the file is as follows:
# KEY:TYPE=VALUE
# KEY is the name of a variable in the cache.
# TYPE is a hint to GUIs for the type of VALUE, DO NOT EDIT TYPE!.
# VALUE is the current value for the KEY.

########################
# EXTERNAL cache entries
########################

//Path to a program.
CMAKE_ADDR2LINE:FILEPATH=CMAKE_ADDR2LINE-NOTFOUND

//Path to a program.
CMAKE_AR:FILEPATH=/usr/bin/ar

//No help, variable specified on the command line.
CMAKE_BUILD_TYPE:STRING=Release

//CXX compiler
CMAKE_CXX_COMPILER:FILEPATH=/usr/bin/clang++

//Flags used by the CXX compiler during all build types.
CMAKE_CXX_FLAGS:STRING=

//Flags used by the CXX compiler during DEBUG builds.
CMAKE_CXX_FLAGS_DEBUG:STRING=-g

//Flags used by the CXX compiler during MINSIZEREL builds.
CMAKE_CXX_FLAGS_MINSIZEREL:STRING=-Os -DNDEBUG

//Flags used by the CXX compiler during RELEASE builds.
CMAKE_CXX_FLAGS_RELEASE:STRING=-O3 -DNDEBUG

//Flags used by the CXX compiler during RELWITHDEBINFO builds.
CMAKE_CXX_FLAGS_RELWITHDEBINFO:STRING=-O2 -g -DNDEBUG

//Path to a program.
CMAKE_DLLTOOL:FILEPATH=CMAKE_DLLTOOL-NOTFOUND

//Flags used by the linker during all build types.
CMAKE_EXE_LINKER_FLAGS:STRING=

//Flags used by the linker during DEBUG builds.
CMAKE_EXE_LINKER_FLAGS_DEBUG:STRING=

//Flags used by the linker during MINSIZEREL builds.
CMAKE_EXE_LINKER_FLAGS_MINSIZEREL:STRING=

//Flags used by the linker during RELEASE builds.
CMAKE_EXE_LINKER_FLAGS_RELEASE:STRING=

//Flags used by the linker during RELWITHDEBINFO builds.
CMAKE_EXE_LINKER_FLAGS_RELWITHDEBINFO:STRING=

//Enable/Disable output of build database during the build.
CMAKE_EXPORT_BUILD_DATABASE:BOOL=

//Value Computed by CMake.
CMAKE_FIND_PACKAGE_REDIRECTS_DIR:STATIC=/Users/prishapriyadashini/Downloads/DIMACS/SPLIT-ICML/split/pyproject-build/cp310-cp310-macosx_13_0_arm64/CMakeFiles/pkgRedirects

CMAKE_FIND_ROOT_PATH_MODE_PACKAGE:PATH=BOTH

//User executables (bin)
CMAKE_INSTALL_BINDIR:PATH=bin

//Read-only architecture-independent data (DATAROOTDIR)
CMAKE_INSTALL_DATADIR:PATH=

//Read-only architecture-independent data root (share)
CMAKE_INSTALL_DATAROOTDIR:PATH=share

//Documentation root (DATAROOTDIR/doc/PROJECT_NAME)
CMAKE_INSTALL_DOCDIR:PATH=

//C header files (include)
CMAKE_INSTALL_INCLUDEDIR:PATH=include

//Info documentation (DATAROOTDIR/info)
CMAKE_INSTALL_INFODIR:PATH=

//Object code libraries (lib)
CMAKE_INSTALL_LIBDIR:PATH=lib

//Program executables (libexec)
CMAKE_INSTALL_LIBEXECDIR:PATH=libexec

//Locale-dependent data (DATAROOTDIR/locale)
CMAKE_INSTALL_LOCALEDIR:PATH=

//Modifiable single-machine data (var)
CMAKE_INSTALL_LOCALSTATEDIR:PATH=var

//Man documentation (DATAROOTDIR/man)
CMAKE_INSTALL_MANDIR:PATH=

//Path to a program.
CMAKE_INSTALL_NAME_TOOL:FILEPATH=/usr/bin/install_name_tool

//C header files for non-gcc (/usr/include)
CMAKE_INSTALL_OLDINCLUDEDIR:PATH=/usr/include

//Install path prefix, prepended onto install directories.
CMAKE_INSTALL_PREFIX:PATH=/var/folders/4r/ryq591ln7n94m62xq15x2kgw0000gn/T/tmpch9pgnyo/wheel/platlib

//Run-time variable data (LOCALSTATEDIR/run)
CMAKE_INSTALL_RUNSTATEDIR:PATH=

//System admin executables (sbin)
CMAKE_INSTALL_SBINDIR:PATH=sbin

//Modifiable architecture-independent data (com)
CMAKE_INSTALL_SHAREDSTATEDIR:PATH=com

//Read-only single-machine data (etc)
CMAKE_INSTALL_SYSCONFDIR:PATH=etc

//Path to a program.
CMAKE_LINKER:FILEPATH=/usr/bin/ld

//No help, variable specified on the command line.
CMAKE_MAKE_PROGRAM:UNINITIALIZED=/opt/homebrew/bin/ninja

//Flags used by the linker during the creation of modules during
// all build types.
CMAKE_MODULE_LINKER_FLAGS:STRING=

//Flags used by the linker during the creation of modules during
// DEBUG builds.
CMAKE_MODULE_LINKER_FLAGS_DEBUG:STRING=

//Flags used by the linker during the creation of modules during
// MINSIZEREL builds.
CMAKE_MODULE_LINKER_FLAGS_MINSIZEREL:STRING=

//Flags used by the linker during the creation of modules during
// RELEASE builds.
CMAKE_MODULE_LINKER_FLAGS_RELEASE:STRING=

//Flags used by the linker during the creation of modules during
// RELWITHDEBINFO builds.
CMAKE_MODULE_LINKER_FLAGS_RELWITHDEBINFO:STRING=

//Path to a program.
CMAKE_NM:FILEPATH=/usr/bin/nm

//Path to a program.
CMAKE_OBJCOPY:FILEPATH=CMAKE_OBJCOPY-NOTFOUND

//Path to a program.
CMAKE_OBJDUMP:FILEPATH=/usr/bin/objdump

//Build architectures for OSX
CMAKE_OSX_ARCHITECTURES:STRING=

//Minimum OS X version to target for deployment (at runtime); newer
// APIs weak linked. Set to empty string for default value.
CMAKE_OSX_DEPLOYMENT_TARGET:STRING=

//The product will be built against the headers and libraries located
// inside the indicated SDK.
CMAKE_OSX_SYSROOT:STRING=

CMAKE_PREFIX_PATH:PATH=/Users/prishapriyadashini/Downloads/DIMACS/SPLIT-ICML/split-env/lib/python3.10/site-packages;/private/var/folders/4r/ryq591ln7n94m62xq15x2kgw0000gn/T/pip-build-env-je9vtvkf/overlay/lib/python3.10/site-packages

//Value Computed by CMake
CMAKE_PROJECT_COMPAT_VERSION:STATIC=

//Value Computed by CMake
CMAKE_PROJECT_DESCRIPTION:STATIC=

//Value Computed by CMake
CMAKE_PROJECT_HOMEPAGE_URL:STATIC=

//Value Computed by CMake
CMAKE_PROJECT_NAME:STATIC=split

//Value Computed by CMake
CMAKE_PROJECT_SPDX_LICENSE:STATIC=

//Value Computed by CMake
CMAKE_PROJECT_VERSION:STATIC=3.11.3

//Value Computed by CMake
CMAKE_PROJECT_VERSION_MAJOR:STATIC=3

//Value Computed by CMake
CMAKE_PROJECT_VERSION_MINOR:STATIC=11

//Value Computed by CMake
CMAKE_PROJECT_VERSION_PATCH:STATIC=3

//Value Computed by CMake
CMAKE_PROJECT_VERSION_TWEAK:STATIC=

//Path to a program.
CMAKE_RANLIB:FILEPATH=/usr/bin/ranlib

//Path to a program.
CMAKE_READELF:FILEPATH=CMAKE_READELF-NOTFOUND

//Flags used by the linker during the creation of shared libraries
// during all build types.
CMAKE_SHARED_LINKER_FLAGS:STRING=

//Flags used by the linker during the creation of shared libraries
// during DEBUG builds.
CMAKE_SHARED_LINKER_FLAGS_DEBUG:STRING=

//Flags used by the linker during the creation of shared libraries
// during MINSIZEREL builds.
CMAKE_SHARED_LINKER_FLAGS_MINSIZEREL:STRING=

//Flags used by the linker during the creation of shared libraries
// during RELEASE builds.
CMAKE_SHARED_LINKER_FLAGS_RELEASE:STRING=

//Flags used by the linker during the creation of shared libraries
// during RELWITHDEBINFO builds.
CMAKE_SHARED_LINKER_FLAGS_RELWITHDEBINFO:STRING=

//If set, runtime paths are not added when installing shared libraries,
// but are added when building.
CMAKE_SKIP_INSTALL_RPATH:BOOL=NO

//If set, runtime paths are not added when using shared libraries.
CMAKE_SKIP_RPATH:BOOL=NO

//Flags used by the archiver during the creation of static libraries
// during all build types.
CMAKE_STATIC_LINKER_FLAGS:STRING=

//Flags used by the archiver during the creation of static libraries
// during DEBUG builds.
CMAKE_STATIC_LINKER_FLAGS_DEBUG:STRING=

//Flags used by the archiver during the creation of static libraries
// during MINSIZEREL builds.
CMAKE_STATIC_LINKER_FLAGS_MINSIZEREL:STRING=

//Flags used by the archiver during the creation of static libraries
// during RELEASE builds.
CMAKE_STATIC_LINKER_FLAGS_RELEASE:STRING=

//Flags used by the archiver during the creation of static libraries
// during RELWITHDEBINFO builds.
CMAKE_STATIC_LINKER_FLAGS_RELWITHDEBINFO:STRING=

//Path to a program.
CMAKE_STRIP:FILEPATH=/usr/bin/strip

//Path to a program.
CMAKE_TAPI:FILEPATH=/Library/Developer/CommandLineTools/usr/bin/tapi

//If this value is on, makefiles will be generated without the
// .SILENT directive, and all commands will be echoed to the console
// during the make.  This is useful for debugging only. With Visual
// Studio IDE projects all commands are done without /nologo.
CMAKE_VERBOSE_MAKEFILE:BOOL=FALSE

//Directory under which to collect all populated content
FETCHCONTENT_BASE_DIR:PATH=/Users/prishapriyadashini/Downloads/DIMACS/SPLIT-ICML/split/pyproject-build/cp310-cp310-macosx_13_0_arm64/_deps

//Disables all attempts to download or update content and assumes
// source dirs already exist
FETCHCONTENT_FULLY_DISCONNECTED:BOOL=OFF

//Enables QUIET option for all content population
FETCHCONTENT_QUIET:BOOL=ON

//When not empty, overrides where to find pre-populated content
// for json
FETCHCONTENT_SOURCE_DIR_JSON:PATH=

//Enables UPDATE_DISCONNECTED behavior for all content population
FETCHCONTENT_UPDATES_DISCONNECTED:BOOL=OFF

//Enables UPDATE_DISCONNECTED behavior just for population of json
FETCHCONTENT_UPDATES_DISCONNECTED_JSON:BOOL=OFF

//Build the unit tests when BUILD_TESTING is enabled.
JSON_BuildTests:BOOL=OFF

//Enable CI build targets.
JSON_CI:BOOL=OFF

//Use extended diagnostic messages.
JSON_Diagnostics:BOOL=OFF

//Disable default integer enum serialization.
JSON_DisableEnumSerialization:BOOL=OFF

//Place use-defined string literals in the global namespace.
JSON_GlobalUDLs:BOOL=ON

//Enable implicit conversions.
JSON_ImplicitConversions:BOOL=ON

//Install CMake targets during install step.
JSON_Install:BOOL=OFF

//Enable legacy discarded value comparison.
JSON_LegacyDiscardedValueComparison:BOOL=OFF

//Use non-amalgamated version of the library.
JSON_MultipleHeaders:BOOL=ON

//Include as system headers (skip for clang-tidy).
JSON_SystemInclude:BOOL=OFF

//Arguments to supply to pkg-config
PKG_CONFIG_ARGN:STRING=

//pkg-config executable
PKG_CONFIG_EXECUTABLE:FILEPATH=/opt/homebrew/bin/pkg-config

PYTHON_EXECUTABLE:PATH=/Users/prishapriyadashini/Downloads/DIMACS/SPLIT-ICML/split-env/bin/python3.10

PYTHON_INCLUDE_DIR:PATH=/opt/homebrew/Cellar/python@3.10/3.10.19_3/Frameworks/Python.framework/Versions/3.10/include/python3.10

PYTHON_LIBRARY:PATH=/opt/homebrew/opt/python@3.10/Frameworks/Python.framework/Versions/3.10/Python

Python3_EXECUTABLE:PATH=/Users/prishapriyadashini/Downloads/DIMACS/SPLIT-ICML/split-env/bin/python3.10

Python3_FIND_REGISTRY:STRING=NEVER

Python3_INCLUDE_DIR:PATH=/opt/homebrew/Cellar/python@3.10/3.10.19_3/Frameworks/Python.framework/Versions/3.10/include/python3.10

Python3_ROOT_DIR:PATH=/Users/prishapriyadashini/Downloads/DIMACS/SPLIT-ICML/split-env

Python_EXECUTABLE:PATH=/Users/prishapriyadashini/Downloads/DIMACS/SPLIT-ICML/split-env/bin/python3.10

Python_FIND_REGISTRY:STRING=NEVER

Python_INCLUDE_DIR:PATH=/opt/homebrew/Cellar/python@3.10/3.10.19_3/Frameworks/Python.framework/Versions/3.10/include/python3.10

Python_ROOT_DIR:PATH=/Users/prishapriyadashini/Downloads/DIMACS/SPLIT-ICML/split-env

SKBUILD:STRING=2

SKBUILD_CORE_VERSION:STRING=0.11.6

SKBUILD_DATA_DIR:PATH=/var/folders/4r/ryq591ln7n94m62xq15x2kgw0000gn/T/tmpch9pgnyo/wheel/data

SKBUILD_HEADERS_DIR:PATH=/var/folders/4r/ryq591ln7n94m62xq15x2kgw0000gn/T/tmpch9pgnyo/wheel/headers

SKBUILD_METADATA_DIR:PATH=/var/folders/4r/ryq591ln7n94m62xq15x2kgw0000gn/T/tmpch9pgnyo/wheel/metadata

SKBUILD_NULL_DIR:PATH=/var/folders/4r/ryq591ln7n94m62xq15x2kgw0000gn/T/tmpch9pgnyo/wheel/null

SKBUILD_PLATLIB_DIR:PATH=/var/folders/4r/ryq591ln7n94m62xq15x2kgw0000gn/T/tmpch9pgnyo/wheel/platlib

SKBUILD_PROJECT_NAME:STRING=split

SKBUILD_PROJECT_VERSION:STRING=0.1.0

SKBUILD_PROJECT_VERSION_FULL:STRING=0.1.0

SKBUILD_SABI_COMPONENT:STRING=

SKBUILD_SABI_VERSION:STRING=

SKBUILD_SCRIPTS_DIR:PATH=/var/folders/4r/ryq591ln7n94m62xq15x2kgw0000gn/T/tmpch9pgnyo/wheel/scripts

SKBUILD_SOABI:STRING=cpython-310-darwin

SKBUILD_STATE:STRING=wheel

//The directory containing a CMake configuration file for TBB.
TBB_DIR:PATH=/opt/homebrew/lib/cmake/TBB

//Value Computed by CMake
nlohmann_json_BINARY_DIR:STATIC=/Users/prishapriyadashini/Downloads/DIMACS/SPLIT-ICML/split/pyproject-build/cp310-cp310-macosx_13_0_arm64/_deps/json-build

//Value Computed by CMake
nlohmann_json_IS_TOP_LEVEL:STATIC=OFF

//Value Computed by CMake
nlohmann_json_SOURCE_DIR:STATIC=/Users/prishapriyadashini/Downloads/DIMACS/SPLIT-ICML/split/pyproject-build/cp310-cp310-macosx_13_0_arm64/_deps/json-src

//Path to a library.
pkgcfg_lib_GMP_gmp:FILEPATH=/opt/homebrew/Cellar/gmp/6.3.0/lib/libgmp.dylib

//The directory containing a CMake configuration file for pybind11.
pybind11_DIR:PATH=/private/var/folders/4r/ryq591ln7n94m62xq15x2kgw0000gn/T/pip-build-env-je9vtvkf/overlay/lib/python3.10/site-packages/pybind11/share/cmake/pybind11

//Value Computed by CMake
split_BINARY_DIR:STATIC=/Users/prishapriyadashini/Downloads/DIMACS/SPLIT-ICML/split/pyproject-build/cp310-cp310-macosx_13_0_arm64

//Value Computed by CMake
split_IS_TOP_LEVEL:STATIC=ON

//Value Computed by CMake
split_SOURCE_DIR:STATIC=/Users/prishapriyadashini/Downloads/DIMACS/SPLIT-ICML/split


########################
# INTERNAL cache entries
########################

//ADVANCED property for variable: CMAKE_ADDR2LINE
CMAKE_ADDR2LINE-ADVANCED:INTERNAL=1
//ADVANCED property for variable: CMAKE_AR
CMAKE_AR-ADVANCED:INTERNAL=1
//This is the directory where this CMakeCache.txt was created
CMAKE_CACHEFILE_DIR:INTERNAL=/Users/prishapriyadashini/Downloads/DIMACS/SPLIT-ICML/split/pyproject-build/cp310-cp310-macosx_13_0_arm64
//Major version of cmake used to create the current loaded cache
CMAKE_CACHE_MAJOR_VERSION:INTERNAL=4
//Minor version of cmake used to create the current loaded cache
CMAKE_CACHE_MINOR_VERSION:INTERNAL=2
//Patch version of cmake used to create the current loaded cache
CMAKE_CACHE_PATCH_VERSION:INTERNAL=3
//Path to CMake executable.
CMAKE_COMMAND:INTERNAL=/opt/homebrew/bin/cmake
//Path to cpack program executable.
CMAKE_CPACK_COMMAND:INTERNAL=/opt/homebrew/bin/cpack
//Path to ctest program executable.
CMAKE_CTEST_COMMAND:INTERNAL=/opt/homebrew/bin/ctest
//ADVANCED property for variable: CMAKE_CXX_COMPILER
CMAKE_CXX_COMPILER-ADVANCED:INTERNAL=1
//ADVANCED property for variable: CMAKE_CXX_FLAGS
CMAKE_CXX_FLAGS-ADVANCED:INTERNAL=1
//ADVANCED property for variable: CMAKE_CXX_FLAGS_DEBUG
CMAKE_CXX_FLAGS_DEBUG-ADVANCED:INTERNAL=1
//ADVANCED property for variable: CMAKE_CXX_FLAGS_MINSIZEREL
CMAKE_CXX_FLAGS_MINSIZEREL-ADVANCED:INTERNAL=1
//ADVANCED property for variable: CMAKE_CXX_FLAGS_RELEASE
CMAKE_CXX_FLAGS_RELEASE-ADVANCED:INTERNAL=1
//ADVANCED property for variable: CMAKE_CXX_FLAGS_RELWITHDEBINFO
CMAKE_CXX_FLAGS_RELWITHDEBINFO-ADVANCED:INTERNAL=1
//ADVANCED property for variable: CMAKE_DLLTOOL
CMAKE_DLLTOOL-ADVANCED:INTERNAL=1
//Path to cache edit program executable.
CMAKE_EDIT_COMMAND:INTERNAL=/opt/homebrew/bin/ccmake
//Executable file format
CMAKE_EXECUTABLE_FORMAT:INTERNAL=MACHO
//ADVANCED property for variable: CMAKE_EXE_LINKER_FLAGS
CMAKE_EXE_LINKER_FLAGS-ADVANCED:INTERNAL=1
//ADVANCED property for variable: CMAKE_EXE_LINKER_FLAGS_DEBUG
CMAKE_EXE_LINKER_FLAGS_DEBUG-ADVANCED:INTERNAL=1
//ADVANCED property for variable: CMAKE_EXE_LINKER_FLAGS_MINSIZEREL
CMAKE_EXE_LINKER_FLAGS_MINSIZEREL-ADVANCED:INTERNAL=1
//ADVANCED property for variable: CMAKE_EXE_LINKER_FLAGS_RELEASE
CMAKE_EXE_LINKER_FLAGS_RELEASE-ADVANCED:INTERNAL=1
//ADVANCED property for variable: CMAKE_EXE_LINKER_FLAGS_RELWITHDEBINFO
CMAKE_EXE_LINKER_FLAGS_RELWITHDEBINFO-ADVANCED:INTERNAL=1
//ADVANCED property for variable: CMAKE_EXPORT_BUILD_DATABASE
CMAKE_EXPORT_BUILD_DATABASE-ADVANCED:INTERNAL=1
//ADVANCED property for variable: CMAKE_EXPORT_COMPILE_COMMANDS
CMAKE_EXPORT_COMPILE_COMMANDS-ADVANCED:INTERNAL=1
CMAKE_EXPORT_COMPILE_COMMANDS:INTERNAL=ON
//Name of external makefile project generator.
CMAKE_EXTRA_GENERATOR:INTERNAL=
//Name of generator.
CMAKE_GENERATOR:INTERNAL=Ninja
//Generator instance identifier.
CMAKE_GENERATOR_INSTANCE:INTERNAL=
//Name of generator platform.
CMAKE_GENERATOR_PLATFORM:INTERNAL=
//Name of generator toolset.
CMAKE_GENERATOR_TOOLSET:INTERNAL=
//Source directory with the top level CMakeLists.txt file for this
// project
CMAKE_HOME_DIRECTORY:INTERNAL=/Users/prishapriyadashini/Downloads/DIMACS/SPLIT-ICML/split
//ADVANCED property for variable: CMAKE_INSTALL_BINDIR
CMAKE_INSTALL_BINDIR-ADVANCED:INTERNAL=1
//ADVANCED property for variable: CMAKE_INSTALL_DATADIR
CMAKE_INSTALL_DATADIR-ADVANCED:INTERNAL=1
//ADVANCED property for variable: CMAKE_INSTALL_DATAROOTDIR
CMAKE_INSTALL_DATAROOTDIR-ADVANCED:INTERNAL=1
//ADVANCED property for variable: CMAKE_INSTALL_DOCDIR
CMAKE_INSTALL_DOCDIR-ADVANCED:INTERNAL=1
//ADVANCED property for variable: CMAKE_INSTALL_INCLUDEDIR
CMAKE_INSTALL_INCLUDEDIR-ADVANCED:INTERNAL=1
//ADVANCED property for variable: CMAKE_INSTALL_INFODIR
CMAKE_INSTALL_INFODIR-ADVANCED:INTERNAL=1
//ADVANCED property for variable: CMAKE_INSTALL_LIBDIR
CMAKE_INSTALL_LIBDIR-ADVANCED:INTERNAL=1
//ADVANCED property for variable: CMAKE_INSTALL_LIBEXECDIR
CMAKE_INSTALL_LIBEXECDIR-ADVANCED:INTERNAL=1
//ADVANCED property for variable: CMAKE_INSTALL_LOCALEDIR
CMAKE_INSTALL_LOCALEDIR-ADVANCED:INTERNAL=1
//ADVANCED property for variable: CMAKE_INSTALL_LOCALSTATEDIR
CMAKE_INSTALL_LOCALSTATEDIR-ADVANCED:INTERNAL=1
//ADVANCED property for variable: CMAKE_INSTALL_MANDIR
CMAKE_INSTALL_MANDIR-ADVANCED:INTERNAL=1
//ADVANCED property for variable: CMAKE_INSTALL_NAME_TOOL
CMAKE_INSTALL_NAME_TOOL-ADVANCED:INTERNAL=1
//ADVANCED property for variable: CMAKE_INSTALL_OLDINCLUDEDIR
CMAKE_INSTALL_OLDINCLUDEDIR-ADVANCED:INTERNAL=1
//ADVANCED property for variable: CMAKE_INSTALL_RUNSTATEDIR
CMAKE_INSTALL_RUNSTATEDIR-ADVANCED:INTERNAL=1
//ADVANCED property for variable: CMAKE_INSTALL_SBINDIR
CMAKE_INSTALL_SBINDIR-ADVANCED:INTERNAL=1
//ADVANCED property for variable: CMAKE_INSTALL_SHAREDSTATEDIR
CMAKE_INSTALL_SHAREDSTATEDIR-ADVANCED:INTERNAL=1
//ADVANCED property for variable: CMAKE_INSTALL_SYSCONFDIR
CMAKE_INSTALL_SYSCONFDIR-ADVANCED:INTERNAL=1
//ADVANCED property for variable: CMAKE_LINKER
CMAKE_LINKER-ADVANCED:INTERNAL=1
//Name of CMakeLists files to read
CMAKE_LIST_FILE_NAME:INTERNAL=CMakeLists.txt
//ADVANCED property for variable: CMAKE_MODULE_LINKER_FLAGS
CMAKE_MODULE_LINKER_FLAGS-ADVANCED:INTERNAL=1
//ADVANCED property for variable: CMAKE_MODULE_LINKER_FLAGS_DEBUG
CMAKE_MODULE_LINKER_FLAGS_DEBUG-ADVANCED:INTERNAL=1
//ADVANCED property for variable: CMAKE_MODULE_LINKER_FLAGS_MINSIZEREL
CMAKE_MODULE_LINKER_FLAGS_MINSIZEREL-ADVANCED:INTERNAL=1
//ADVANCED property for variable: CMAKE_MODULE_LINKER_FLAGS_RELEASE
CMAKE_MODULE_LINKER_FLAGS_RELEASE-ADVANCED:INTERNAL=1
//ADVANCED property for variable: CMAKE_MODULE_LINKER_FLAGS_RELWITHDEBINFO
CMAKE_MODULE_LINKER_FLAGS_RELWITHDEBINFO-ADVANCED:INTERNAL=1
//ADVANCED property for variable: CMAKE_NM
CMAKE_NM-ADVANCED:INTERNAL=1
//number of local generators
CMAKE_NUMBER_OF_MAKEFILES:INTERNAL=2
//ADVANCED property for variable: CMAKE_OBJCOPY
CMAKE_OBJCOPY-ADVANCED:INTERNAL=1
//ADVANCED property for variable: CMAKE_OBJDUMP
CMAKE_OBJDUMP-ADVANCED:INTERNAL=1
//Platform information initialized
CMAKE_PLATFORM_INFO_INITIALIZED:INTERNAL=1
//ADVANCED property for variable: CMAKE_RANLIB
CMAKE_RANLIB-ADVANCED:INTERNAL=1
//ADVANCED property for variable: CMAKE_READELF
CMAKE_READELF-ADVANCED:INTERNAL=1
//Path to CMake installation.
CMAKE_ROOT:INTERNAL=/opt/homebrew/share/cmake
//ADVANCED property for variable: CMAKE_SHARED_LINKER_FLAGS
CMAKE_SHARED_LINKER_FLAGS-ADVANCED:INTERNAL=1
//ADVANCED property for variable: CMAKE_SHARED_LINKER_FLAGS_DEBUG
CMAKE_SHARED_LINKER_FLAGS_DEBUG-ADVANCED:INTERNAL=1
//ADVANCED property for variable: CMAKE_SHARED_LINKER_FLAGS_MINSIZEREL
CMAKE_SHARED_LINKER_FLAGS_MINSIZEREL-ADVANCED:INTERNAL=1
//ADVANCED property for variable: CMAKE_SHARED_LINKER_FLAGS_RELEASE
CMAKE_SHARED_LINKER_FLAGS_RELEASE-ADVANCED:INTERNAL=1
//ADVANCED property for variable: CMAKE_SHARED_LINKER_FLAGS_RELWITHDEBINFO
CMAKE_SHARED_LINKER_FLAGS_RELWITHDEBINFO-ADVANCED:INTERNAL=1
//ADVANCED property for variable: CMAKE_SKIP_INSTALL_RPATH
CMAKE_SKIP_INSTALL_RPATH-ADVANCED:INTERNAL=1
//ADVANCED property for variable: CMAKE_SKIP_RPATH
CMAKE_SKIP_RPATH-ADVANCED:INTERNAL=1
//ADVANCED property for variable: CMAKE_STATIC_LINKER_FLAGS
CMAKE_STATIC_LINKER_FLAGS-ADVANCED:INTERNAL=1
//ADVANCED property for variable: CMAKE_STATIC_LINKER_FLAGS_DEBUG
CMAKE_STATIC_LINKER_FLAGS_DEBUG-ADVANCED:INTERNAL=1
//ADVANCED property for variable: CMAKE_STATIC_LINKER_FLAGS_MINSIZEREL
CMAKE_STATIC_LINKER_FLAGS_MINSIZEREL-ADVANCED:INTERNAL=1
//ADVANCED property for variable: CMAKE_STATIC_LINKER_FLAGS_RELEASE
CMAKE_STATIC_LINKER_FLAGS_RELEASE-ADVANCED:INTERNAL=1
//ADVANCED property for variable: CMAKE_STATIC_LINKER_FLAGS_RELWITHDEBINFO
CMAKE_STATIC_LINKER_FLAGS_RELWITHDEBINFO-ADVANCED:INTERNAL=1
//ADVANCED property for variable: CMAKE_STRIP
CMAKE_STRIP-ADVANCED:INTERNAL=1
//ADVANCED property for variable: CMAKE_TAPI
CMAKE_TAPI-ADVANCED:INTERNAL=1
//uname command
CMAKE_UNAME:INTERNAL=/usr/bin/uname
//ADVANCED property for variable: CMAKE_VERBOSE_MAKEFILE
CMAKE_VERBOSE_MAKEFILE-ADVANCED:INTERNAL=1
//Details about finding PkgConfig
FIND_PACKAGE_MESSAGE_DETAILS_PkgConfig:INTERNAL=[/opt/homebrew/bin/pkg-config][v2.5.1()]
//Details about finding Python
FIND_PACKAGE_MESSAGE_DETAILS_Python:INTERNAL=[/Users/prishapriyadashini/Downloads/DIMACS/SPLIT-ICML/split-env/bin/python3.10][/opt/homebrew/Cellar/python@3.10/3.10.19_3/Frameworks/Python.framework/Versions/3.10/include/python3.10][found components: Interpreter Development.Module ][v3.10.19()]
GMP_CFLAGS:INTERNAL=-I/opt/homebrew/Cellar/gmp/6.3.0/include
GMP_CFLAGS_I:INTERNAL=
GMP_CFLAGS_OTHER:INTERNAL=
GMP_FOUND:INTERNAL=1
GMP_INCLUDEDIR:INTERNAL=/opt/homebrew/Cellar/gmp/6.3.0/include
GMP_INCLUDE_DIRS:INTERNAL=/opt/homebrew/Cellar/gmp/6.3.0/include
GMP_LDFLAGS:INTERNAL=-L/opt/homebrew/Cellar/gmp/6.3.0/lib;-lgmp
GMP_LDFLAGS_OTHER:INTERNAL=
GMP_LIBDIR:INTERNAL=/opt/homebrew/Cellar/gmp/6.3.0/lib
GMP_LIBRARIES:INTERNAL=gmp
GMP_LIBRARY_DIRS:INTERNAL=/opt/homebrew/Cellar/gmp/6.3.0/lib
GMP_LIBS:INTERNAL=
GMP_LIBS_L:INTERNAL=
GMP_LIBS_OTHER:INTERNAL=
GMP_LIBS_PATHS:INTERNAL=
GMP_MODULE_NAME:INTERNAL=gmp
GMP_PREFIX:INTERNAL=/opt/homebrew/Cellar/gmp/6.3.0
GMP_STATIC_CFLAGS:INTERNAL=-I/opt/homebrew/Cellar/gmp/6.3.0/include
GMP_STATIC_CFLAGS_I:INTERNAL=
GMP_STATIC_CFLAGS_OTHER:INTERNAL=
GMP_STATIC_INCLUDE_DIRS:INTERNAL=/opt/homebrew/Cellar/gmp/6.3.0/include
GMP_STATIC_LDFLAGS:INTERNAL=-L/opt/homebrew/Cellar/gmp/6.3.0/lib;-lgmp
GMP_STATIC_LDFLAGS_OTHER:INTERNAL=
GMP_STATIC_LIBDIR:INTERNAL=
GMP_STATIC_LIBRARIES:INTERNAL=gmp
GMP_STATIC_LIBRARY_DIRS:INTERNAL=/opt/homebrew/Cellar/gmp/6.3.0/lib
GMP_STATIC_LIBS:INTERNAL=
GMP_STATIC_LIBS_L:INTERNAL=
GMP_STATIC_LIBS_OTHER:INTERNAL=
GMP_STATIC_LIBS_PATHS:INTERNAL=
GMP_VERSION:INTERNAL=6.3.0
GMP_gmp_INCLUDEDIR:INTERNAL=
GMP_gmp_LIBDIR:INTERNAL=
GMP_gmp_PREFIX:INTERNAL=
GMP_gmp_VERSION:INTERNAL=
//Test HAS_FLTO
HAS_FLTO:INTERNAL=1
//Test HAS_FLTO_THIN
HAS_FLTO_THIN:INTERNAL=1
NLOHMANN_JSON_CONFIG_INSTALL_DIR:INTERNAL=share/cmake/nlohmann_json
//ADVANCED property for variable: PKG_CONFIG_ARGN
PKG_CONFIG_ARGN-ADVANCED:INTERNAL=1
//ADVANCED property for variable: PKG_CONFIG_EXECUTABLE
PKG_CONFIG_EXECUTABLE-ADVANCED:INTERNAL=1
//Python executable during the last CMake run
PYBIND11_PYTHON_EXECUTABLE_LAST:INTERNAL=/Users/prishapriyadashini/Downloads/DIMACS/SPLIT-ICML/split-env/bin/python3.10
//Python debug status
PYTHON_IS_DEBUG:INTERNAL=0
PYTHON_MODULE_DEBUG_POSTFIX:INTERNAL=
PYTHON_MODULE_EXTENSION:INTERNAL=.cpython-310-darwin.so
//CMAKE_INSTALL_PREFIX during last run
_GNUInstallDirs_LAST_CMAKE_INSTALL_PREFIX:INTERNAL=/var/folders/4r/ryq591ln7n94m62xq15x2kgw0000gn/T/tmpch9pgnyo/wheel/platlib
_PYBIND11_CROSSCOMPILING:INTERNAL=OFF
_Python:INTERNAL=Python
//Compiler reason failure
_Python_Compiler_REASON_FAILURE:INTERNAL=
_Python_DEVELOPMENT_MODULE_SIGNATURE:INTERNAL=d8d3aee1bcf79e18533837efbe044102
//Development reason failure
_Python_Development_REASON_FAILURE:INTERNAL=
_Python_EXECUTABLE:INTERNAL=/Users/prishapriyadashini/Downloads/DIMACS/SPLIT-ICML/split-env/bin/python3.10
_Python_INCLUDE_DIR:INTERNAL=/opt/homebrew/Cellar/python@3.10/3.10.19_3/Frameworks/Python.framework/Versions/3.10/include/python3.10
//Python Properties
_Python_INTERPRETER_PROPERTIES:INTERNAL=Python;3;10;19;64;<none>;cpython-310-darwin;abi3;/opt/homebrew/Cellar/python@3.10/3.10.19_3/Frameworks/Python.framework/Versions/3.10/lib/python3.10;/Users/prishapriyadashini/Downloads/DIMACS/SPLIT-ICML/split-env/lib/python3.10;/Users/prishapriyadashini/Downloads/DIMACS/SPLIT-ICML/split-env/lib/python3.10/site-packages;/Users/prishapriyadashini/Downloads/DIMACS/SPLIT-ICML/split-env/lib/python3.10/site-packages
_Python_INTERPRETER_SIGNATURE:INTERNAL=bd1653fbed4eed78451af5bfe39aa999
//NumPy reason failure
_Python_NumPy_REASON_FAILURE:INTERNAL=
__pkg_config_arguments_GMP:INTERNAL=REQUIRED;IMPORTED_TARGET;gmp
__pkg_config_checked_GMP:INTERNAL=1
//ADVANCED property for variable: pkgcfg_lib_GMP_gmp
pkgcfg_lib_GMP_gmp-ADVANCED:INTERNAL=1
prefix_result:INTERNAL=/opt/homebrew/Cellar/gmp/6.3.0/lib
//Directories where pybind11 and possibly Python headers are located
pybind11_INCLUDE_DIRS:INTERNAL=/private/var/folders/4r/ryq591ln7n94m62xq15x2kgw0000gn/T/pip-build-env-je9vtvkf/overlay/lib/python3.10/site-packages/pybind11/include;/opt/homebrew/Cellar/python@3.10/3.10.19_3/Frameworks/Python.framework/Versions/3.10/include/python3.10

